[2025-05-06 20:06:26,195] INFO - main.py  
[2025-05-06 20:06:26,196] INFO - PREPROCESS START
[2025-05-06 20:06:36,648] INFO -  ε : 202401.json
[2025-05-06 20:06:47,463] INFO -  ε : 202402.json
[2025-05-06 20:07:04,945] INFO - main.py  
[2025-05-06 20:07:04,945] INFO - PREPROCESS START
[2025-05-06 20:07:15,397] INFO -  ε : 202401.json
[2025-05-06 20:07:26,301] INFO -  ε : 202402.json
[2025-05-06 20:07:43,337] INFO -  ε : 202403.json
[2025-05-06 20:08:07,956] INFO -  ε : 202404.json
[2025-05-06 20:08:34,231] INFO -  ε : 202405.json
[2025-05-06 20:09:00,743] INFO -  ε : 202406.json
[2025-05-06 20:09:21,540] INFO -  ε : 202407.json
[2025-05-06 20:09:44,720] INFO -  ε : 202408.json
[2025-05-06 20:10:11,720] INFO -  ε : 202409.json
[2025-05-06 20:10:40,433] INFO -  ε : 202410.json
[2025-05-06 20:10:59,787] INFO -  ε : 202411.json
[2025-05-06 20:11:13,317] INFO -  ε : 202412.json
[2025-05-06 20:11:23,615] INFO -  ε : 202501.json
[2025-05-06 20:11:32,696] INFO -  ε : 202502.json
[2025-05-06 20:11:47,782] INFO -  ε : 202503.json
[2025-05-06 20:12:10,547] INFO -  ε : 202504.json
[2025-05-06 20:15:06,878] INFO -  48,773,238  ε Ϸ ( : 16)
[2025-05-06 20:16:20,795] INFO - ó 
[2025-05-06 20:54:57,811] INFO - ̻ġ : 1111223  (  47,662,015)
[2025-05-06 20:55:12,525] INFO - ó Ϸ  Ļ ÷ 
[2025-05-06 21:00:58,484] INFO - ó Ϸ   : C:\Users\sbeep\Desktop\DataAnalysis\Projects\DA-Public_Bicycle\data\processed\bike_cleaned.csv
[2025-05-06 21:07:02,589] INFO - ANALYSIS START
[2025-05-06 21:08:31,520] ERROR -    ߻: module 'pandas' has no attribute 'Categorial'
[2025-05-06 21:08:32,491] INFO - ü м  Ϸ
[2025-05-07 22:04:41,221] INFO - main.py 실행 시작
[2025-05-07 22:04:41,221] INFO - PREPROCESS START
[2025-05-07 22:04:51,767] INFO - 파일 로드 성공: 202401.json
[2025-05-07 22:05:03,178] INFO - 파일 로드 성공: 202402.json
[2025-05-07 22:05:20,468] INFO - 파일 로드 성공: 202403.json
[2025-05-07 22:05:45,828] INFO - 파일 로드 성공: 202404.json
[2025-05-07 22:06:11,848] INFO - 파일 로드 성공: 202405.json
[2025-05-07 22:06:38,149] INFO - 파일 로드 성공: 202406.json
[2025-05-07 22:06:58,714] INFO - 파일 로드 성공: 202407.json
[2025-05-07 22:07:21,880] INFO - 파일 로드 성공: 202408.json
[2025-05-07 22:07:48,037] INFO - 파일 로드 성공: 202409.json
[2025-05-07 22:08:15,763] INFO - 파일 로드 성공: 202410.json
[2025-05-07 22:08:36,506] INFO - 파일 로드 성공: 202411.json
[2025-05-07 22:08:50,048] INFO - 파일 로드 성공: 202412.json
[2025-05-07 22:09:00,453] INFO - 파일 로드 성공: 202501.json
[2025-05-07 22:09:10,432] INFO - 파일 로드 성공: 202502.json
[2025-05-07 22:09:28,664] INFO - 파일 로드 성공: 202503.json
[2025-05-07 22:09:52,548] INFO - 파일 로드 성공: 202504.json
[2025-05-07 22:12:42,942] INFO - 총 48,773,238개의 데이터 로드 완료 (파일 수: 16)
[2025-05-07 22:13:57,966] INFO - 전처리 시작
[2025-05-07 23:01:08,027] INFO - 이상치 제거: 1111223건 제거 (남은 데이터 47,662,015건)
[2025-05-07 23:01:23,564] INFO - 전처리 완료 및 파생 컬럼 생성
[2025-05-07 23:07:37,856] INFO - 전처리 완료 → 저장 경로: c:\Users\sbeep\Desktop\DataAnalysis\Projects\DA-Public_Bicycle\data\processed\bike_cleaned.csv
[2025-05-07 23:13:58,809] INFO - ANALYSIS START
[2025-05-07 23:15:44,272] INFO - 분석 결과 저장 완료
[2025-05-07 23:15:45,721] INFO - VISUALIZATION START
[2025-05-07 23:15:45,728] ERROR - 실행 중 오류 발생: 'module' object is not callable
[2025-05-07 23:15:45,728] INFO - 전체 분석 파이프라인 완료
[2025-05-13 23:05:10,489] INFO - main.py 실행 시작
[2025-05-13 23:05:10,489] INFO - ANALYSIS START
[2025-05-13 23:06:54,569] INFO - 분석 결과 저장 완료
[2025-05-13 23:06:55,453] INFO - VISUALIZATION START
[2025-05-13 23:06:55,460] ERROR - 실행 중 오류 발생: 'module' object is not callable
[2025-05-13 23:06:55,460] INFO - 전체 분석 파이프라인 완료
[2025-05-13 23:14:39,351] INFO - main.py 실행 시작
[2025-05-13 23:14:39,351] INFO - VISUALIZATION START
[2025-05-13 23:14:39,359] ERROR - 실행 중 오류 발생: 'module' object is not callable
[2025-05-13 23:14:39,359] INFO - 전체 분석 파이프라인 완료
[2025-05-13 23:15:13,637] INFO - main.py 실행 시작
[2025-05-13 23:15:13,637] INFO - VISUALIZATION START
[2025-05-13 23:15:13,641] ERROR - 실행 중 오류 발생: 'module' object is not callable
[2025-05-13 23:15:13,641] INFO - 전체 분석 파이프라인 완료
[2025-05-13 23:19:06,524] INFO - main.py 실행 시작
[2025-05-13 23:19:06,525] INFO - VISUALIZATION START
[2025-05-13 23:19:06,528] ERROR - 실행 중 오류 발생: 'module' object is not callable
[2025-05-13 23:19:06,528] INFO - 전체 분석 파이프라인 완료
[2025-05-13 23:19:38,800] INFO - main.py 실행 시작
[2025-05-13 23:19:38,800] INFO - VISUALIZATION START
[2025-05-13 23:19:38,804] ERROR - 실행 중 오류 발생: 'module' object is not callable
[2025-05-13 23:19:38,804] INFO - 전체 분석 파이프라인 완료
[2025-05-13 23:20:27,360] INFO - main.py 실행 시작
[2025-05-13 23:20:27,360] INFO - VISUALIZATION START
[2025-05-13 23:20:27,364] ERROR - 실행 중 오류 발생: 'module' object is not callable
[2025-05-13 23:20:27,364] INFO - 전체 분석 파이프라인 완료
[2025-05-13 23:20:37,161] INFO - main.py 실행 시작
[2025-05-13 23:20:37,161] INFO - VISUALIZATION START
[2025-05-13 23:20:37,165] ERROR - 실행 중 오류 발생: 'module' object is not callable
[2025-05-13 23:20:37,165] INFO - 전체 분석 파이프라인 완료
[2025-05-13 23:20:51,731] INFO - main.py 실행 시작
[2025-05-13 23:20:51,732] INFO - VISUALIZATION START
[2025-05-13 23:20:51,735] ERROR - 실행 중 오류 발생: 'module' object is not callable
[2025-05-13 23:20:51,736] INFO - 전체 분석 파이프라인 완료
[2025-05-13 23:21:13,947] INFO - main.py 실행 시작
[2025-05-13 23:21:13,947] INFO - VISUALIZATION START
[2025-05-13 23:22:56,102] ERROR - 실행 중 오류 발생: name 'pf' is not defined
[2025-05-13 23:22:57,067] INFO - 전체 분석 파이프라인 완료
[2025-05-13 23:24:13,095] INFO - main.py 실행 시작
[2025-05-13 23:24:13,095] INFO - VISUALIZATION START
[2025-05-13 23:25:55,607] ERROR - 실행 중 오류 발생: name 'pf' is not defined
[2025-05-13 23:25:56,448] INFO - 전체 분석 파이프라인 완료
[2025-05-13 23:31:45,958] INFO - main.py 실행 시작
[2025-05-13 23:31:45,958] INFO - VISUALIZATION START
[2025-05-13 23:33:51,254] ERROR - 실행 중 오류 발생: module 'matplotlib.pyplot' has no attribute 'xlabeL'
[2025-05-13 23:33:52,327] INFO - 전체 분석 파이프라인 완료
[2025-05-13 23:55:51,000] INFO - main.py 실행 시작
[2025-05-13 23:55:51,000] INFO - VISUALIZATION START
[2025-05-13 23:58:41,290] ERROR - 실행 중 오류 발생: datetime64 type does not support sum operations
[2025-05-13 23:58:42,919] INFO - 전체 분석 파이프라인 완료
